[kpi-sprint] === SE_TRANSFORM=asinh ===
[train] dtfrac=0.10  (W_CORR_FRAC=0.15, SE_TRANSFORM=asinh, GATE_SIGMAS=2,4,8)
[train][1/3888] AICc=9.64e+07, Spear=-0.031, score=9.60e+07 | elapsed=0.4m, ETA=1536.9m
[train][38/3888] AICc=9.10e+07, Spear=-0.034, score=9.06e+07 | elapsed=15.0m, ETA=1524.7m
[train][76/3888] AICc=7.65e+07, Spear=-0.040, score=7.60e+07 | elapsed=30.0m, ETA=1505.2m
wrote data/cluster/params_cluster.json
[train][1/3] elapsed=42m ETA=85m
[train] dtfrac=0.15  (W_CORR_FRAC=0.15, SE_TRANSFORM=asinh, GATE_SIGMAS=2,4,8)
[train][1/3888] AICc=9.74e+07, Spear=-0.031, score=9.69e+07 | elapsed=0.4m, ETA=1524.3m
[train][38/3888] AICc=8.68e+07, Spear=-0.035, score=8.63e+07 | elapsed=15.3m, ETA=1554.9m
[train][76/3888] AICc=7.75e+07, Spear=-0.040, score=7.70e+07 | elapsed=30.5m, ETA=1529.0m
wrote data/cluster/params_cluster.json
[train][2/3] elapsed=86m ETA=43m
[train] dtfrac=0.20  (W_CORR_FRAC=0.15, SE_TRANSFORM=asinh, GATE_SIGMAS=2,4,8)
[train][1/3888] AICc=9.37e+07, Spear=-0.031, score=9.32e+07 | elapsed=0.4m, ETA=1521.1m
[train][38/3888] AICc=8.71e+07, Spear=-0.035, score=8.66e+07 | elapsed=15.3m, ETA=1550.3m
[train][76/3888] AICc=7.54e+07, Spear=-0.040, score=7.50e+07 | elapsed=30.5m, ETA=1528.8m
wrote data/cluster/params_cluster.json
[train][3/3] elapsed=129m ETA=0m
[train] done. params saved to data/cluster/params_cluster.json
[search] constrained β search with GRID_BETA=0.4,0.6,0.8,1.0
wrote server/public/reports/bullet_holdout_search.json
best beta: 1.0 spearman: 0.24940078961382883 ΔAICc(FDB−shift): -266136.52128006984
[search] done in 0m
[search] wrote server/public/reports/bullet_holdout_search.json
[holdout] HP=6, PSF=1.2,1.5,1.8, β=0.4,0.6,0.8,1.0, SE_TRANSFORM=asinh, w^0.1
/home/vagrant/gravitation/scripts/reports/make_bullet_holdout.py:181: UserWarning: Glyph 20104 (\N{CJK UNIFIED IDEOGRAPH-4E88}) missing from current font.
  fig.tight_layout(); fig.savefig(png_pred, dpi=140); plt.close(fig)
/home/vagrant/gravitation/scripts/reports/make_bullet_holdout.py:181: UserWarning: Glyph 28204 (\N{CJK UNIFIED IDEOGRAPH-6E2C}) missing from current font.
  fig.tight_layout(); fig.savefig(png_pred, dpi=140); plt.close(fig)
/home/vagrant/gravitation/scripts/reports/make_bullet_holdout.py:181: UserWarning: Glyph 65288 (\N{FULLWIDTH LEFT PARENTHESIS}) missing from current font.
  fig.tight_layout(); fig.savefig(png_pred, dpi=140); plt.close(fig)
/home/vagrant/gravitation/scripts/reports/make_bullet_holdout.py:181: UserWarning: Glyph 22266 (\N{CJK UNIFIED IDEOGRAPH-56FA}) missing from current font.
  fig.tight_layout(); fig.savefig(png_pred, dpi=140); plt.close(fig)
/home/vagrant/gravitation/scripts/reports/make_bullet_holdout.py:181: UserWarning: Glyph 23450 (\N{CJK UNIFIED IDEOGRAPH-5B9A}) missing from current font.
  fig.tight_layout(); fig.savefig(png_pred, dpi=140); plt.close(fig)
/home/vagrant/gravitation/scripts/reports/make_bullet_holdout.py:181: UserWarning: Glyph 12497 (\N{KATAKANA LETTER PA}) missing from current font.
  fig.tight_layout(); fig.savefig(png_pred, dpi=140); plt.close(fig)
/home/vagrant/gravitation/scripts/reports/make_bullet_holdout.py:181: UserWarning: Glyph 12521 (\N{KATAKANA LETTER RA}) missing from current font.
  fig.tight_layout(); fig.savefig(png_pred, dpi=140); plt.close(fig)
/home/vagrant/gravitation/scripts/reports/make_bullet_holdout.py:181: UserWarning: Glyph 65289 (\N{FULLWIDTH RIGHT PARENTHESIS}) missing from current font.
  fig.tight_layout(); fig.savefig(png_pred, dpi=140); plt.close(fig)
/home/vagrant/gravitation/scripts/reports/make_bullet_holdout.py:347: UserWarning: This figure includes Axes that are not compatible with tight_layout, so results might be incorrect.
  fig.tight_layout(); fig.savefig(png_panels, dpi=140); plt.close(fig)
/home/vagrant/gravitation/scripts/reports/make_bullet_holdout.py:347: UserWarning: Glyph 31561 (\N{CJK UNIFIED IDEOGRAPH-7B49}) missing from current font.
  fig.tight_layout(); fig.savefig(png_panels, dpi=140); plt.close(fig)
/home/vagrant/gravitation/scripts/reports/make_bullet_holdout.py:347: UserWarning: Glyph 39640 (\N{CJK UNIFIED IDEOGRAPH-9AD8}) missing from current font.
  fig.tight_layout(); fig.savefig(png_panels, dpi=140); plt.close(fig)
/home/vagrant/gravitation/scripts/reports/make_bullet_holdout.py:347: UserWarning: Glyph 32218 (\N{CJK UNIFIED IDEOGRAPH-7DDA}) missing from current font.
  fig.tight_layout(); fig.savefig(png_panels, dpi=140); plt.close(fig)
wrote server/public/reports/bullet_holdout.html
[holdout][1/1] elapsed=0m ETA=0m
[holdout] done. Snapshots saved under server/public/reports/
[holdout] HP=8, PSF=1.2,1.5,1.8, β=0.4,0.6,0.8,1.0, SE_TRANSFORM=asinh, w^0.1
/home/vagrant/gravitation/scripts/reports/make_bullet_holdout.py:181: UserWarning: Glyph 20104 (\N{CJK UNIFIED IDEOGRAPH-4E88}) missing from current font.
  fig.tight_layout(); fig.savefig(png_pred, dpi=140); plt.close(fig)
/home/vagrant/gravitation/scripts/reports/make_bullet_holdout.py:181: UserWarning: Glyph 28204 (\N{CJK UNIFIED IDEOGRAPH-6E2C}) missing from current font.
  fig.tight_layout(); fig.savefig(png_pred, dpi=140); plt.close(fig)
/home/vagrant/gravitation/scripts/reports/make_bullet_holdout.py:181: UserWarning: Glyph 65288 (\N{FULLWIDTH LEFT PARENTHESIS}) missing from current font.
  fig.tight_layout(); fig.savefig(png_pred, dpi=140); plt.close(fig)
/home/vagrant/gravitation/scripts/reports/make_bullet_holdout.py:181: UserWarning: Glyph 22266 (\N{CJK UNIFIED IDEOGRAPH-56FA}) missing from current font.
  fig.tight_layout(); fig.savefig(png_pred, dpi=140); plt.close(fig)
/home/vagrant/gravitation/scripts/reports/make_bullet_holdout.py:181: UserWarning: Glyph 23450 (\N{CJK UNIFIED IDEOGRAPH-5B9A}) missing from current font.
  fig.tight_layout(); fig.savefig(png_pred, dpi=140); plt.close(fig)
/home/vagrant/gravitation/scripts/reports/make_bullet_holdout.py:181: UserWarning: Glyph 12497 (\N{KATAKANA LETTER PA}) missing from current font.
  fig.tight_layout(); fig.savefig(png_pred, dpi=140); plt.close(fig)
/home/vagrant/gravitation/scripts/reports/make_bullet_holdout.py:181: UserWarning: Glyph 12521 (\N{KATAKANA LETTER RA}) missing from current font.
  fig.tight_layout(); fig.savefig(png_pred, dpi=140); plt.close(fig)
/home/vagrant/gravitation/scripts/reports/make_bullet_holdout.py:181: UserWarning: Glyph 65289 (\N{FULLWIDTH RIGHT PARENTHESIS}) missing from current font.
  fig.tight_layout(); fig.savefig(png_pred, dpi=140); plt.close(fig)
/home/vagrant/gravitation/scripts/reports/make_bullet_holdout.py:347: UserWarning: This figure includes Axes that are not compatible with tight_layout, so results might be incorrect.
  fig.tight_layout(); fig.savefig(png_panels, dpi=140); plt.close(fig)
/home/vagrant/gravitation/scripts/reports/make_bullet_holdout.py:347: UserWarning: Glyph 31561 (\N{CJK UNIFIED IDEOGRAPH-7B49}) missing from current font.
  fig.tight_layout(); fig.savefig(png_panels, dpi=140); plt.close(fig)
/home/vagrant/gravitation/scripts/reports/make_bullet_holdout.py:347: UserWarning: Glyph 39640 (\N{CJK UNIFIED IDEOGRAPH-9AD8}) missing from current font.
  fig.tight_layout(); fig.savefig(png_panels, dpi=140); plt.close(fig)
/home/vagrant/gravitation/scripts/reports/make_bullet_holdout.py:347: UserWarning: Glyph 32218 (\N{CJK UNIFIED IDEOGRAPH-7DDA}) missing from current font.
  fig.tight_layout(); fig.savefig(png_panels, dpi=140); plt.close(fig)
wrote server/public/reports/bullet_holdout.html
[holdout][1/1] elapsed=0m ETA=0m
[holdout] done. Snapshots saved under server/public/reports/
[holdout] HP=10, PSF=1.2,1.5,1.8, β=0.4,0.6,0.8,1.0, SE_TRANSFORM=asinh, w^0.1
/home/vagrant/gravitation/scripts/reports/make_bullet_holdout.py:181: UserWarning: Glyph 20104 (\N{CJK UNIFIED IDEOGRAPH-4E88}) missing from current font.
  fig.tight_layout(); fig.savefig(png_pred, dpi=140); plt.close(fig)
/home/vagrant/gravitation/scripts/reports/make_bullet_holdout.py:181: UserWarning: Glyph 28204 (\N{CJK UNIFIED IDEOGRAPH-6E2C}) missing from current font.
  fig.tight_layout(); fig.savefig(png_pred, dpi=140); plt.close(fig)
/home/vagrant/gravitation/scripts/reports/make_bullet_holdout.py:181: UserWarning: Glyph 65288 (\N{FULLWIDTH LEFT PARENTHESIS}) missing from current font.
  fig.tight_layout(); fig.savefig(png_pred, dpi=140); plt.close(fig)
/home/vagrant/gravitation/scripts/reports/make_bullet_holdout.py:181: UserWarning: Glyph 22266 (\N{CJK UNIFIED IDEOGRAPH-56FA}) missing from current font.
  fig.tight_layout(); fig.savefig(png_pred, dpi=140); plt.close(fig)
/home/vagrant/gravitation/scripts/reports/make_bullet_holdout.py:181: UserWarning: Glyph 23450 (\N{CJK UNIFIED IDEOGRAPH-5B9A}) missing from current font.
  fig.tight_layout(); fig.savefig(png_pred, dpi=140); plt.close(fig)
/home/vagrant/gravitation/scripts/reports/make_bullet_holdout.py:181: UserWarning: Glyph 12497 (\N{KATAKANA LETTER PA}) missing from current font.
  fig.tight_layout(); fig.savefig(png_pred, dpi=140); plt.close(fig)
/home/vagrant/gravitation/scripts/reports/make_bullet_holdout.py:181: UserWarning: Glyph 12521 (\N{KATAKANA LETTER RA}) missing from current font.
  fig.tight_layout(); fig.savefig(png_pred, dpi=140); plt.close(fig)
/home/vagrant/gravitation/scripts/reports/make_bullet_holdout.py:181: UserWarning: Glyph 65289 (\N{FULLWIDTH RIGHT PARENTHESIS}) missing from current font.
  fig.tight_layout(); fig.savefig(png_pred, dpi=140); plt.close(fig)
/home/vagrant/gravitation/scripts/reports/make_bullet_holdout.py:347: UserWarning: This figure includes Axes that are not compatible with tight_layout, so results might be incorrect.
  fig.tight_layout(); fig.savefig(png_panels, dpi=140); plt.close(fig)
/home/vagrant/gravitation/scripts/reports/make_bullet_holdout.py:347: UserWarning: Glyph 31561 (\N{CJK UNIFIED IDEOGRAPH-7B49}) missing from current font.
  fig.tight_layout(); fig.savefig(png_panels, dpi=140); plt.close(fig)
/home/vagrant/gravitation/scripts/reports/make_bullet_holdout.py:347: UserWarning: Glyph 39640 (\N{CJK UNIFIED IDEOGRAPH-9AD8}) missing from current font.
  fig.tight_layout(); fig.savefig(png_panels, dpi=140); plt.close(fig)
/home/vagrant/gravitation/scripts/reports/make_bullet_holdout.py:347: UserWarning: Glyph 32218 (\N{CJK UNIFIED IDEOGRAPH-7DDA}) missing from current font.
  fig.tight_layout(); fig.savefig(png_panels, dpi=140); plt.close(fig)
wrote server/public/reports/bullet_holdout.html
[holdout][1/1] elapsed=0m ETA=0m
[holdout] done. Snapshots saved under server/public/reports/
[kpi-sprint] === SE_TRANSFORM=log1p ===
[train] dtfrac=0.10  (W_CORR_FRAC=0.15, SE_TRANSFORM=log1p, GATE_SIGMAS=2,4,8)
[train][1/3888] AICc=1.01e+08, Spear=-0.030, score=1.00e+08 | elapsed=0.4m, ETA=1528.3m
[train][38/3888] AICc=9.08e+07, Spear=-0.034, score=9.03e+07 | elapsed=14.9m, ETA=1510.1m
[train][76/3888] AICc=7.64e+07, Spear=-0.040, score=7.59e+07 | elapsed=30.1m, ETA=1507.3m
wrote data/cluster/params_cluster.json
[train][1/3] elapsed=42m ETA=85m
[train] dtfrac=0.15  (W_CORR_FRAC=0.15, SE_TRANSFORM=log1p, GATE_SIGMAS=2,4,8)
[train][1/3888] AICc=9.71e+07, Spear=-0.031, score=9.66e+07 | elapsed=0.4m, ETA=1517.9m
[train][38/3888] AICc=9.05e+07, Spear=-0.034, score=9.01e+07 | elapsed=15.2m, ETA=1542.7m
[train][76/3888] AICc=7.74e+07, Spear=-0.039, score=7.69e+07 | elapsed=30.4m, ETA=1522.7m
wrote data/cluster/params_cluster.json
[train][2/3] elapsed=85m ETA=42m
[train] dtfrac=0.20  (W_CORR_FRAC=0.15, SE_TRANSFORM=log1p, GATE_SIGMAS=2,4,8)
[train][1/3888] AICc=9.82e+07, Spear=-0.031, score=9.77e+07 | elapsed=0.4m, ETA=1523.0m
[train][38/3888] AICc=8.69e+07, Spear=-0.035, score=8.64e+07 | elapsed=15.2m, ETA=1538.7m
[train][76/3888] AICc=7.52e+07, Spear=-0.040, score=7.48e+07 | elapsed=30.4m, ETA=1524.8m
wrote data/cluster/params_cluster.json
[train][3/3] elapsed=129m ETA=0m
[train] done. params saved to data/cluster/params_cluster.json
[search] constrained β search with GRID_BETA=0.4,0.6,0.8,1.0
wrote server/public/reports/bullet_holdout_search.json
best beta: 1.0 spearman: 0.24939966955648887 ΔAICc(FDB−shift): -266014.9990772973
[search] done in 0m
[search] wrote server/public/reports/bullet_holdout_search.json
[holdout] HP=6, PSF=1.2,1.5,1.8, β=0.4,0.6,0.8,1.0, SE_TRANSFORM=log1p, w^0.1
/home/vagrant/gravitation/scripts/reports/make_bullet_holdout.py:181: UserWarning: Glyph 20104 (\N{CJK UNIFIED IDEOGRAPH-4E88}) missing from current font.
  fig.tight_layout(); fig.savefig(png_pred, dpi=140); plt.close(fig)
/home/vagrant/gravitation/scripts/reports/make_bullet_holdout.py:181: UserWarning: Glyph 28204 (\N{CJK UNIFIED IDEOGRAPH-6E2C}) missing from current font.
  fig.tight_layout(); fig.savefig(png_pred, dpi=140); plt.close(fig)
/home/vagrant/gravitation/scripts/reports/make_bullet_holdout.py:181: UserWarning: Glyph 65288 (\N{FULLWIDTH LEFT PARENTHESIS}) missing from current font.
  fig.tight_layout(); fig.savefig(png_pred, dpi=140); plt.close(fig)
/home/vagrant/gravitation/scripts/reports/make_bullet_holdout.py:181: UserWarning: Glyph 22266 (\N{CJK UNIFIED IDEOGRAPH-56FA}) missing from current font.
  fig.tight_layout(); fig.savefig(png_pred, dpi=140); plt.close(fig)
/home/vagrant/gravitation/scripts/reports/make_bullet_holdout.py:181: UserWarning: Glyph 23450 (\N{CJK UNIFIED IDEOGRAPH-5B9A}) missing from current font.
  fig.tight_layout(); fig.savefig(png_pred, dpi=140); plt.close(fig)
/home/vagrant/gravitation/scripts/reports/make_bullet_holdout.py:181: UserWarning: Glyph 12497 (\N{KATAKANA LETTER PA}) missing from current font.
  fig.tight_layout(); fig.savefig(png_pred, dpi=140); plt.close(fig)
/home/vagrant/gravitation/scripts/reports/make_bullet_holdout.py:181: UserWarning: Glyph 12521 (\N{KATAKANA LETTER RA}) missing from current font.
  fig.tight_layout(); fig.savefig(png_pred, dpi=140); plt.close(fig)
/home/vagrant/gravitation/scripts/reports/make_bullet_holdout.py:181: UserWarning: Glyph 65289 (\N{FULLWIDTH RIGHT PARENTHESIS}) missing from current font.
  fig.tight_layout(); fig.savefig(png_pred, dpi=140); plt.close(fig)
/home/vagrant/gravitation/scripts/reports/make_bullet_holdout.py:347: UserWarning: This figure includes Axes that are not compatible with tight_layout, so results might be incorrect.
  fig.tight_layout(); fig.savefig(png_panels, dpi=140); plt.close(fig)
/home/vagrant/gravitation/scripts/reports/make_bullet_holdout.py:347: UserWarning: Glyph 31561 (\N{CJK UNIFIED IDEOGRAPH-7B49}) missing from current font.
  fig.tight_layout(); fig.savefig(png_panels, dpi=140); plt.close(fig)
/home/vagrant/gravitation/scripts/reports/make_bullet_holdout.py:347: UserWarning: Glyph 39640 (\N{CJK UNIFIED IDEOGRAPH-9AD8}) missing from current font.
  fig.tight_layout(); fig.savefig(png_panels, dpi=140); plt.close(fig)
/home/vagrant/gravitation/scripts/reports/make_bullet_holdout.py:347: UserWarning: Glyph 32218 (\N{CJK UNIFIED IDEOGRAPH-7DDA}) missing from current font.
  fig.tight_layout(); fig.savefig(png_panels, dpi=140); plt.close(fig)
wrote server/public/reports/bullet_holdout.html
[holdout][1/1] elapsed=0m ETA=0m
[holdout] done. Snapshots saved under server/public/reports/
[holdout] HP=8, PSF=1.2,1.5,1.8, β=0.4,0.6,0.8,1.0, SE_TRANSFORM=log1p, w^0.1
/home/vagrant/gravitation/scripts/reports/make_bullet_holdout.py:181: UserWarning: Glyph 20104 (\N{CJK UNIFIED IDEOGRAPH-4E88}) missing from current font.
  fig.tight_layout(); fig.savefig(png_pred, dpi=140); plt.close(fig)
/home/vagrant/gravitation/scripts/reports/make_bullet_holdout.py:181: UserWarning: Glyph 28204 (\N{CJK UNIFIED IDEOGRAPH-6E2C}) missing from current font.
  fig.tight_layout(); fig.savefig(png_pred, dpi=140); plt.close(fig)
/home/vagrant/gravitation/scripts/reports/make_bullet_holdout.py:181: UserWarning: Glyph 65288 (\N{FULLWIDTH LEFT PARENTHESIS}) missing from current font.
  fig.tight_layout(); fig.savefig(png_pred, dpi=140); plt.close(fig)
/home/vagrant/gravitation/scripts/reports/make_bullet_holdout.py:181: UserWarning: Glyph 22266 (\N{CJK UNIFIED IDEOGRAPH-56FA}) missing from current font.
  fig.tight_layout(); fig.savefig(png_pred, dpi=140); plt.close(fig)
/home/vagrant/gravitation/scripts/reports/make_bullet_holdout.py:181: UserWarning: Glyph 23450 (\N{CJK UNIFIED IDEOGRAPH-5B9A}) missing from current font.
  fig.tight_layout(); fig.savefig(png_pred, dpi=140); plt.close(fig)
/home/vagrant/gravitation/scripts/reports/make_bullet_holdout.py:181: UserWarning: Glyph 12497 (\N{KATAKANA LETTER PA}) missing from current font.
  fig.tight_layout(); fig.savefig(png_pred, dpi=140); plt.close(fig)
/home/vagrant/gravitation/scripts/reports/make_bullet_holdout.py:181: UserWarning: Glyph 12521 (\N{KATAKANA LETTER RA}) missing from current font.
  fig.tight_layout(); fig.savefig(png_pred, dpi=140); plt.close(fig)
/home/vagrant/gravitation/scripts/reports/make_bullet_holdout.py:181: UserWarning: Glyph 65289 (\N{FULLWIDTH RIGHT PARENTHESIS}) missing from current font.
  fig.tight_layout(); fig.savefig(png_pred, dpi=140); plt.close(fig)
/home/vagrant/gravitation/scripts/reports/make_bullet_holdout.py:347: UserWarning: This figure includes Axes that are not compatible with tight_layout, so results might be incorrect.
  fig.tight_layout(); fig.savefig(png_panels, dpi=140); plt.close(fig)
/home/vagrant/gravitation/scripts/reports/make_bullet_holdout.py:347: UserWarning: Glyph 31561 (\N{CJK UNIFIED IDEOGRAPH-7B49}) missing from current font.
  fig.tight_layout(); fig.savefig(png_panels, dpi=140); plt.close(fig)
/home/vagrant/gravitation/scripts/reports/make_bullet_holdout.py:347: UserWarning: Glyph 39640 (\N{CJK UNIFIED IDEOGRAPH-9AD8}) missing from current font.
  fig.tight_layout(); fig.savefig(png_panels, dpi=140); plt.close(fig)
/home/vagrant/gravitation/scripts/reports/make_bullet_holdout.py:347: UserWarning: Glyph 32218 (\N{CJK UNIFIED IDEOGRAPH-7DDA}) missing from current font.
  fig.tight_layout(); fig.savefig(png_panels, dpi=140); plt.close(fig)
wrote server/public/reports/bullet_holdout.html
[holdout][1/1] elapsed=0m ETA=0m
[holdout] done. Snapshots saved under server/public/reports/
[holdout] HP=10, PSF=1.2,1.5,1.8, β=0.4,0.6,0.8,1.0, SE_TRANSFORM=log1p, w^0.1
/home/vagrant/gravitation/scripts/reports/make_bullet_holdout.py:181: UserWarning: Glyph 20104 (\N{CJK UNIFIED IDEOGRAPH-4E88}) missing from current font.
  fig.tight_layout(); fig.savefig(png_pred, dpi=140); plt.close(fig)
/home/vagrant/gravitation/scripts/reports/make_bullet_holdout.py:181: UserWarning: Glyph 28204 (\N{CJK UNIFIED IDEOGRAPH-6E2C}) missing from current font.
  fig.tight_layout(); fig.savefig(png_pred, dpi=140); plt.close(fig)
/home/vagrant/gravitation/scripts/reports/make_bullet_holdout.py:181: UserWarning: Glyph 65288 (\N{FULLWIDTH LEFT PARENTHESIS}) missing from current font.
  fig.tight_layout(); fig.savefig(png_pred, dpi=140); plt.close(fig)
/home/vagrant/gravitation/scripts/reports/make_bullet_holdout.py:181: UserWarning: Glyph 22266 (\N{CJK UNIFIED IDEOGRAPH-56FA}) missing from current font.
  fig.tight_layout(); fig.savefig(png_pred, dpi=140); plt.close(fig)
/home/vagrant/gravitation/scripts/reports/make_bullet_holdout.py:181: UserWarning: Glyph 23450 (\N{CJK UNIFIED IDEOGRAPH-5B9A}) missing from current font.
  fig.tight_layout(); fig.savefig(png_pred, dpi=140); plt.close(fig)
/home/vagrant/gravitation/scripts/reports/make_bullet_holdout.py:181: UserWarning: Glyph 12497 (\N{KATAKANA LETTER PA}) missing from current font.
  fig.tight_layout(); fig.savefig(png_pred, dpi=140); plt.close(fig)
/home/vagrant/gravitation/scripts/reports/make_bullet_holdout.py:181: UserWarning: Glyph 12521 (\N{KATAKANA LETTER RA}) missing from current font.
  fig.tight_layout(); fig.savefig(png_pred, dpi=140); plt.close(fig)
/home/vagrant/gravitation/scripts/reports/make_bullet_holdout.py:181: UserWarning: Glyph 65289 (\N{FULLWIDTH RIGHT PARENTHESIS}) missing from current font.
  fig.tight_layout(); fig.savefig(png_pred, dpi=140); plt.close(fig)
/home/vagrant/gravitation/scripts/reports/make_bullet_holdout.py:347: UserWarning: This figure includes Axes that are not compatible with tight_layout, so results might be incorrect.
  fig.tight_layout(); fig.savefig(png_panels, dpi=140); plt.close(fig)
/home/vagrant/gravitation/scripts/reports/make_bullet_holdout.py:347: UserWarning: Glyph 31561 (\N{CJK UNIFIED IDEOGRAPH-7B49}) missing from current font.
  fig.tight_layout(); fig.savefig(png_panels, dpi=140); plt.close(fig)
/home/vagrant/gravitation/scripts/reports/make_bullet_holdout.py:347: UserWarning: Glyph 39640 (\N{CJK UNIFIED IDEOGRAPH-9AD8}) missing from current font.
  fig.tight_layout(); fig.savefig(png_panels, dpi=140); plt.close(fig)
/home/vagrant/gravitation/scripts/reports/make_bullet_holdout.py:347: UserWarning: Glyph 32218 (\N{CJK UNIFIED IDEOGRAPH-7DDA}) missing from current font.
  fig.tight_layout(); fig.savefig(png_panels, dpi=140); plt.close(fig)
wrote server/public/reports/bullet_holdout.html
[holdout][1/1] elapsed=0m ETA=0m
[holdout] done. Snapshots saved under server/public/reports/
wrote server/public/reports/sota.json
wrote server/public/reports/sota.html
[kpi-sprint] completed in 261m
